03:12:57-03-05-2016 - jotape - ProcesarOfertas - INFO - Inicio de ProcesarOfertas
03:12:57-03-05-2016 - jotape - ProcesarOfertas - INFO - Cantidad de archivos a procesar: 1
03:12:57-03-05-2016 - jotape - ProcesarOfertas - INFO - Archivo a procesar: '3500_20160415.csv'
03:12:58-03-05-2016 - jotape - ProcesarOfertas - INFO - Cantidad de registros leídos:	9
03:12:58-03-05-2016 - jotape - ProcesarOfertas - INFO - Cantidad de ofertas válidas:	3
03:12:58-03-05-2016 - jotape - ProcesarOfertas - INFO - Cantidad de ofertas rechazadas:	6
03:12:58-03-05-2016 - jotape - ProcesarOfertas - INFO - Cantidad de archivos procesados: 1
03:12:58-03-05-2016 - jotape - ProcesarOfertas - INFO - Cantidad de archivos rechazados: 0
03:12:58-03-05-2016 - jotape - ProcesarOfertas - INFO - Fin de ProcesarOfertas
03:14:49-03-05-2016 - jotape - ProcesarOfertas - INFO - Inicio de ProcesarOfertas
03:14:49-03-05-2016 - jotape - ProcesarOfertas - INFO - Cantidad de archivos a procesar: 1
03:14:49-03-05-2016 - jotape - ProcesarOfertas - INFO - Archivo a procesar: '3500_20160415.csv'
03:14:51-03-05-2016 - jotape - ProcesarOfertas - INFO - Cantidad de registros leídos:	9
03:14:51-03-05-2016 - jotape - ProcesarOfertas - INFO - Cantidad de ofertas válidas:	4
03:14:51-03-05-2016 - jotape - ProcesarOfertas - INFO - Cantidad de ofertas rechazadas:	5
03:14:51-03-05-2016 - jotape - ProcesarOfertas - INFO - Cantidad de archivos procesados: 1
03:14:51-03-05-2016 - jotape - ProcesarOfertas - INFO - Cantidad de archivos rechazados: 0
03:14:51-03-05-2016 - jotape - ProcesarOfertas - INFO - Fin de ProcesarOfertas
03:17:05-03-05-2016 - jotape - ProcesarOfertas - INFO - Inicio de ProcesarOfertas
03:17:05-03-05-2016 - jotape - ProcesarOfertas - INFO - Cantidad de archivos a procesar: 1
03:17:05-03-05-2016 - jotape - ProcesarOfertas - INFO - Archivo a procesar: '3500_20160415.csv'
03:17:07-03-05-2016 - jotape - ProcesarOfertas - INFO - Cantidad de registros leídos:	9
03:17:07-03-05-2016 - jotape - ProcesarOfertas - INFO - Cantidad de ofertas válidas:	3
03:17:07-03-05-2016 - jotape - ProcesarOfertas - INFO - Cantidad de ofertas rechazadas:	6
03:17:07-03-05-2016 - jotape - ProcesarOfertas - INFO - Cantidad de archivos procesados: 1
03:17:07-03-05-2016 - jotape - ProcesarOfertas - INFO - Cantidad de archivos rechazados: 0
03:17:07-03-05-2016 - jotape - ProcesarOfertas - INFO - Fin de ProcesarOfertas
