17:17:28-30-04-2016 - kmoriell - RecibirOfertas - INFO - RecibirOfertas ciclo nro. 1
17:17:28-30-04-2016 - kmoriell - RecibirOfertas - ERR - El concesionario 0000 no existe en el archivo maestro.
17:17:28-30-04-2016 - kmoriell - RecibirOfertas - ERR - El concesionario 0001 no existe en el archivo maestro.
17:17:28-30-04-2016 - kmoriell - RecibirOfertas - ERR - 0001_20160421.sdfsdfsdf no es un nombre de archivo valido.
17:17:28-30-04-2016 - kmoriell - RecibirOfertas - ERR - El concesionario 0002 no existe en el archivo maestro.
17:17:28-30-04-2016 - kmoriell - RecibirOfertas - ERR - 0004_160421.csv no es un nombre de archivo valido.
17:17:28-30-04-2016 - kmoriell - RecibirOfertas - ERR - El concesionario 0004 no existe en el archivo maestro.
17:17:28-30-04-2016 - kmoriell - RecibirOfertas - ERR - 0004_concesionario_20140622.csv no es un nombre de archivo valido.
17:17:28-30-04-2016 - kmoriell - RecibirOfertas - ERR - 1262_20160422.csv no es un archivo de texto. No se puede procesar.
17:17:28-30-04-2016 - kmoriell - RecibirOfertas - ERR - El concesionario 2345 no existe en el archivo maestro.
17:17:28-30-04-2016 - kmoriell - RecibirOfertas - ERR - La fecha  es mayor que la fecha del dia actual.(30/04/2016)
17:17:28-30-04-2016 - kmoriell - RecibirOfertas - ERR - La fecha 25/12/2017 es mayor que la fecha del dia actual.(30/04/2016)
17:17:28-30-04-2016 - kmoriell - RecibirOfertas - ERR - La fecha 26/12/2017 es mayor que la fecha del dia actual.(30/04/2016)
17:17:28-30-04-2016 - kmoriell - RecibirOfertas - ERR - La fecha 27/12/2017 es mayor que la fecha del dia actual.(30/04/2016)
17:17:28-30-04-2016 - kmoriell - RecibirOfertas - ERR - 3732_20160413.csv es un archivo vacio.
17:17:28-30-04-2016 - kmoriell - RecibirOfertas - ERR - La fecha 17/11/2016 es mayor que la fecha del dia actual.(30/04/2016)
17:17:28-30-04-2016 - kmoriell - RecibirOfertas - ERR - imagen.png no es un nombre de archivo valido.
17:17:28-30-04-2016 - kmoriell - RecibirOfertas - ERR - invalido.csv no es un nombre de archivo valido.
17:21:44-30-04-2016 - kmoriell - RecibirOfertas - INFO - RecibirOfertas ciclo nro. 1
17:21:44-30-04-2016 - kmoriell - RecibirOfertas - ERR - El concesionario 0000 no existe en el archivo maestro.
17:21:44-30-04-2016 - kmoriell - RecibirOfertas - ERR - El concesionario 0001 no existe en el archivo maestro.
17:21:44-30-04-2016 - kmoriell - RecibirOfertas - ERR - 0001_20160421.sdfsdfsdf no es un nombre de archivo valido.
17:21:44-30-04-2016 - kmoriell - RecibirOfertas - ERR - El concesionario 0002 no existe en el archivo maestro.
17:21:44-30-04-2016 - kmoriell - RecibirOfertas - ERR - 0004_160421.csv no es un nombre de archivo valido.
17:21:44-30-04-2016 - kmoriell - RecibirOfertas - ERR - El concesionario 0004 no existe en el archivo maestro.
17:21:44-30-04-2016 - kmoriell - RecibirOfertas - ERR - 0004_concesionario_20140622.csv no es un nombre de archivo valido.
17:21:44-30-04-2016 - kmoriell - RecibirOfertas - ERR - 1262_20160422.csv no es un archivo de texto. No se puede procesar.
17:21:44-30-04-2016 - kmoriell - RecibirOfertas - ERR - El concesionario 2345 no existe en el archivo maestro.
17:21:44-30-04-2016 - kmoriell - RecibirOfertas - ERR - La fecha  es mayor que la fecha del dia actual.(30/04/2016)
17:21:44-30-04-2016 - kmoriell - RecibirOfertas - ERR - La fecha 25/12/2015 es menor que la fecha del ultimo acto de adjudicacion (14/04/2016).
17:21:44-30-04-2016 - kmoriell - RecibirOfertas - ERR - La fecha 30/12/2015 es menor que la fecha del ultimo acto de adjudicacion (14/04/2016).
17:21:44-30-04-2016 - kmoriell - RecibirOfertas - ERR - La fecha 25/12/2017 es mayor que la fecha del dia actual.(30/04/2016)
17:21:44-30-04-2016 - kmoriell - RecibirOfertas - ERR - La fecha 26/12/2017 es mayor que la fecha del dia actual.(30/04/2016)
17:21:44-30-04-2016 - kmoriell - RecibirOfertas - ERR - La fecha 27/12/2017 es mayor que la fecha del dia actual.(30/04/2016)
17:21:44-30-04-2016 - kmoriell - RecibirOfertas - ERR - La fecha 13/04/2016 es menor que la fecha del ultimo acto de adjudicacion (14/04/2016).
17:21:44-30-04-2016 - kmoriell - RecibirOfertas - ERR - La fecha 17/11/2016 es mayor que la fecha del dia actual.(30/04/2016)
17:21:44-30-04-2016 - kmoriell - RecibirOfertas - ERR - imagen.png no es un nombre de archivo valido.
17:21:44-30-04-2016 - kmoriell - RecibirOfertas - ERR - invalido.csv no es un nombre de archivo valido.
17:42:11-30-04-2016 - kmoriell - RecibirOfertas - INFO - RecibirOfertas ciclo nro. 1
17:42:11-30-04-2016 - kmoriell - RecibirOfertas - ERR - El concesionario 0000 no existe en el archivo maestro.
17:42:11-30-04-2016 - kmoriell - RecibirOfertas - ERR - El concesionario 0001 no existe en el archivo maestro.
17:42:11-30-04-2016 - kmoriell - RecibirOfertas - ERR - 0001_20160421.sdfsdfsdf no es un nombre de archivo valido.
17:42:11-30-04-2016 - kmoriell - RecibirOfertas - ERR - El concesionario 0002 no existe en el archivo maestro.
17:42:11-30-04-2016 - kmoriell - RecibirOfertas - ERR - 0004_160421.csv no es un nombre de archivo valido.
17:42:11-30-04-2016 - kmoriell - RecibirOfertas - ERR - El concesionario 0004 no existe en el archivo maestro.
17:42:11-30-04-2016 - kmoriell - RecibirOfertas - ERR - 0004_concesionario_20140622.csv no es un nombre de archivo valido.
17:42:11-30-04-2016 - kmoriell - RecibirOfertas - ERR - 1262_20160422.csv no es un archivo de texto. No se puede procesar.
17:42:11-30-04-2016 - kmoriell - RecibirOfertas - ERR - El concesionario 2345 no existe en el archivo maestro.
17:42:12-30-04-2016 - kmoriell - RecibirOfertas - ERR - La fecha  es mayor que la fecha del dia actual.(30/04/2016)
17:42:12-30-04-2016 - kmoriell - RecibirOfertas - ERR - La fecha 25/12/2015 es menor que la fecha del ultimo acto de adjudicacion (14/04/2016).
17:42:12-30-04-2016 - kmoriell - RecibirOfertas - ERR - La fecha 30/12/2015 es menor que la fecha del ultimo acto de adjudicacion (14/04/2016).
17:42:12-30-04-2016 - kmoriell - RecibirOfertas - ERR - La fecha 25/12/2017 es mayor que la fecha del dia actual.(30/04/2016)
17:42:12-30-04-2016 - kmoriell - RecibirOfertas - ERR - La fecha 26/12/2017 es mayor que la fecha del dia actual.(30/04/2016)
17:42:12-30-04-2016 - kmoriell - RecibirOfertas - ERR - La fecha 27/12/2017 es mayor que la fecha del dia actual.(30/04/2016)
17:42:12-30-04-2016 - kmoriell - RecibirOfertas - ERR - La fecha 13/04/2016 es menor que la fecha del ultimo acto de adjudicacion (14/04/2016).
17:42:12-30-04-2016 - kmoriell - RecibirOfertas - ERR - La fecha 17/11/2016 es mayor que la fecha del dia actual.(30/04/2016)
17:42:12-30-04-2016 - kmoriell - RecibirOfertas - ERR - imagen.png no es un nombre de archivo valido.
17:42:12-30-04-2016 - kmoriell - RecibirOfertas - ERR - invalido.csv no es un nombre de archivo valido.
17:51:04-30-04-2016 - kmoriell - RecibirOfertas - INFO - RecibirOfertas ciclo nro. 1
17:51:04-30-04-2016 - kmoriell - RecibirOfertas - ERR - El concesionario 0000 no existe en el archivo maestro.
17:51:04-30-04-2016 - kmoriell - RecibirOfertas - ERR - El concesionario 0001 no existe en el archivo maestro.
17:51:04-30-04-2016 - kmoriell - RecibirOfertas - ERR - 0001_20160421.sdfsdfsdf no es un nombre de archivo valido.
17:51:04-30-04-2016 - kmoriell - RecibirOfertas - ERR - El concesionario 0002 no existe en el archivo maestro.
17:51:04-30-04-2016 - kmoriell - RecibirOfertas - ERR - 0004_160421.csv no es un nombre de archivo valido.
17:51:04-30-04-2016 - kmoriell - RecibirOfertas - ERR - El concesionario 0004 no existe en el archivo maestro.
17:51:04-30-04-2016 - kmoriell - RecibirOfertas - ERR - 0004_concesionario_20140622.csv no es un nombre de archivo valido.
17:51:04-30-04-2016 - kmoriell - RecibirOfertas - ERR - 1262_20160422.csv no es un archivo de texto. No se puede procesar.
17:51:04-30-04-2016 - kmoriell - RecibirOfertas - ERR - El concesionario 2345 no existe en el archivo maestro.
17:51:04-30-04-2016 - kmoriell - RecibirOfertas - ERR - La fecha  es mayor que la fecha del dia actual.(30/04/2016)
17:51:04-30-04-2016 - kmoriell - RecibirOfertas - ERR - La fecha 25/12/2015 es menor que la fecha del ultimo acto de adjudicacion (14/04/2016).
17:51:04-30-04-2016 - kmoriell - RecibirOfertas - ERR - La fecha 30/12/2015 es menor que la fecha del ultimo acto de adjudicacion (14/04/2016).
17:51:05-30-04-2016 - kmoriell - RecibirOfertas - ERR - La fecha 25/12/2017 es mayor que la fecha del dia actual.(30/04/2016)
17:51:05-30-04-2016 - kmoriell - RecibirOfertas - ERR - La fecha 26/12/2017 es mayor que la fecha del dia actual.(30/04/2016)
17:51:05-30-04-2016 - kmoriell - RecibirOfertas - ERR - La fecha 27/12/2017 es mayor que la fecha del dia actual.(30/04/2016)
17:51:05-30-04-2016 - kmoriell - RecibirOfertas - ERR - La fecha 13/04/2016 es menor que la fecha del ultimo acto de adjudicacion (14/04/2016).
17:51:05-30-04-2016 - kmoriell - RecibirOfertas - ERR - La fecha 17/11/2016 es mayor que la fecha del dia actual.(30/04/2016)
17:51:05-30-04-2016 - kmoriell - RecibirOfertas - ERR - imagen.png no es un nombre de archivo valido.
17:51:05-30-04-2016 - kmoriell - RecibirOfertas - ERR - invalido.csv no es un nombre de archivo valido.
17:53:02-30-04-2016 - kmoriell - RecibirOfertas - INFO - RecibirOfertas ciclo nro. 1
17:53:02-30-04-2016 - kmoriell - RecibirOfertas - ERR - El concesionario 2345 no existe en el archivo maestro.
17:53:48-30-04-2016 - kmoriell - RecibirOfertas - INFO - RecibirOfertas ciclo nro. 1
17:53:48-30-04-2016 - kmoriell - RecibirOfertas - ERR - La fecha  es mayor que la fecha del dia actual.(30/04/2016)
17:54:09-30-04-2016 - kmoriell - RecibirOfertas - INFO - RecibirOfertas ciclo nro. 1
17:54:09-30-04-2016 - kmoriell - RecibirOfertas - ERR - La fecha  es mayor que la fecha del dia actual.(30/04/2016)
18:06:46-30-04-2016 - kmoriell - RecibirOfertas - INFO - RecibirOfertas ciclo nro. 1
18:06:46-30-04-2016 - kmoriell - RecibirOfertas - ERR - La fecha 20150250 no tiene un nombre valido.
18:07:59-30-04-2016 - kmoriell - RecibirOfertas - INFO - RecibirOfertas ciclo nro. 1
18:07:59-30-04-2016 - kmoriell - RecibirOfertas - ERR - El concesionario 0000 no existe en el archivo maestro.
18:07:59-30-04-2016 - kmoriell - RecibirOfertas - ERR - El concesionario 0001 no existe en el archivo maestro.
18:07:59-30-04-2016 - kmoriell - RecibirOfertas - ERR - 0001_20160421.sdfsdfsdf no es un nombre de archivo valido.
18:07:59-30-04-2016 - kmoriell - RecibirOfertas - ERR - El concesionario 0002 no existe en el archivo maestro.
18:07:59-30-04-2016 - kmoriell - RecibirOfertas - ERR - 0004_160421.csv no es un nombre de archivo valido.
18:07:59-30-04-2016 - kmoriell - RecibirOfertas - ERR - El concesionario 0004 no existe en el archivo maestro.
18:07:59-30-04-2016 - kmoriell - RecibirOfertas - ERR - 0004_concesionario_20140622.csv no es un nombre de archivo valido.
18:07:59-30-04-2016 - kmoriell - RecibirOfertas - ERR - 1262_20160422.csv no es un archivo de texto. No se puede procesar.
18:07:59-30-04-2016 - kmoriell - RecibirOfertas - ERR - El concesionario 2345 no existe en el archivo maestro.
18:07:59-30-04-2016 - kmoriell - RecibirOfertas - ERR - La fecha 20150250 no tiene un nombre valido.
18:07:59-30-04-2016 - kmoriell - RecibirOfertas - ERR - La fecha 25/12/2015 es menor que la fecha del ultimo acto de adjudicacion (14/04/2016).
18:07:59-30-04-2016 - kmoriell - RecibirOfertas - ERR - La fecha 30/12/2015 es menor que la fecha del ultimo acto de adjudicacion (14/04/2016).
18:07:59-30-04-2016 - kmoriell - RecibirOfertas - ERR - La fecha 25/12/2017 es mayor que la fecha del dia actual.(30/04/2016)
18:07:59-30-04-2016 - kmoriell - RecibirOfertas - ERR - La fecha 26/12/2017 es mayor que la fecha del dia actual.(30/04/2016)
18:07:59-30-04-2016 - kmoriell - RecibirOfertas - ERR - La fecha 27/12/2017 es mayor que la fecha del dia actual.(30/04/2016)
18:07:59-30-04-2016 - kmoriell - RecibirOfertas - ERR - La fecha 13/04/2016 es menor que la fecha del ultimo acto de adjudicacion (14/04/2016).
18:07:59-30-04-2016 - kmoriell - RecibirOfertas - ERR - La fecha 17/11/2016 es mayor que la fecha del dia actual.(30/04/2016)
18:07:59-30-04-2016 - kmoriell - RecibirOfertas - ERR - imagen.png no es un nombre de archivo valido.
18:07:59-30-04-2016 - kmoriell - RecibirOfertas - ERR - invalido.csv no es un nombre de archivo valido.
18:10:09-30-04-2016 - kmoriell - RecibirOfertas - INFO - RecibirOfertas ciclo nro. 1
18:10:09-30-04-2016 - kmoriell - RecibirOfertas - ERR - El concesionario 0000 no existe en el archivo maestro.
18:10:09-30-04-2016 - kmoriell - RecibirOfertas - ERR - El concesionario 0001 no existe en el archivo maestro.
18:10:09-30-04-2016 - kmoriell - RecibirOfertas - ERR - 0001_20160421.sdfsdfsdf no es un nombre de archivo valido.
18:10:09-30-04-2016 - kmoriell - RecibirOfertas - ERR - El concesionario 0002 no existe en el archivo maestro.
18:10:09-30-04-2016 - kmoriell - RecibirOfertas - ERR - 0004_160421.csv no es un nombre de archivo valido.
18:10:09-30-04-2016 - kmoriell - RecibirOfertas - ERR - El concesionario 0004 no existe en el archivo maestro.
18:10:09-30-04-2016 - kmoriell - RecibirOfertas - ERR - 0004_concesionario_20140622.csv no es un nombre de archivo valido.
18:10:09-30-04-2016 - kmoriell - RecibirOfertas - ERR - 1262_20160422.csv no es un archivo de texto. No se puede procesar.
18:10:09-30-04-2016 - kmoriell - RecibirOfertas - ERR - El concesionario 2345 no existe en el archivo maestro.
18:10:09-30-04-2016 - kmoriell - RecibirOfertas - ERR - La fecha 20150250 no tiene un nombre valido.
18:10:09-30-04-2016 - kmoriell - RecibirOfertas - ERR - La fecha 25/12/2015 es menor que la fecha del ultimo acto de adjudicacion (14/04/2016).
18:10:09-30-04-2016 - kmoriell - RecibirOfertas - ERR - La fecha 30/12/2015 es menor que la fecha del ultimo acto de adjudicacion (14/04/2016).
18:10:09-30-04-2016 - kmoriell - RecibirOfertas - ERR - La fecha 25/12/2017 es mayor que la fecha del dia actual.(30/04/2016)
18:10:09-30-04-2016 - kmoriell - RecibirOfertas - ERR - La fecha 26/12/2017 es mayor que la fecha del dia actual.(30/04/2016)
18:10:09-30-04-2016 - kmoriell - RecibirOfertas - ERR - La fecha 27/12/2017 es mayor que la fecha del dia actual.(30/04/2016)
18:10:09-30-04-2016 - kmoriell - RecibirOfertas - ERR - La fecha 13/04/2016 es menor que la fecha del ultimo acto de adjudicacion (14/04/2016).
18:10:09-30-04-2016 - kmoriell - RecibirOfertas - ERR - La fecha 17/11/2016 es mayor que la fecha del dia actual.(30/04/2016)
18:10:09-30-04-2016 - kmoriell - RecibirOfertas - ERR - imagen.png no es un nombre de archivo valido.
18:10:09-30-04-2016 - kmoriell - RecibirOfertas - ERR - invalido.csv no es un nombre de archivo valido.
18:10:19-30-04-2016 - kmoriell - RecibirOfertas - INFO - RecibirOfertas ciclo nro. 2
18:11:22-30-04-2016 - kmoriell - RecibirOfertas - INFO - RecibirOfertas ciclo nro. 1
18:11:22-30-04-2016 - kmoriell - RecibirOfertas - ERR - El concesionario 0000 no existe en el archivo maestro.
18:11:22-30-04-2016 - kmoriell - RecibirOfertas - ERR - El concesionario 0001 no existe en el archivo maestro.
18:11:22-30-04-2016 - kmoriell - RecibirOfertas - ERR - 0001_20160421.sdfsdfsdf no es un nombre de archivo valido.
18:11:22-30-04-2016 - kmoriell - RecibirOfertas - ERR - El concesionario 0002 no existe en el archivo maestro.
18:11:22-30-04-2016 - kmoriell - RecibirOfertas - ERR - 0004_160421.csv no es un nombre de archivo valido.
18:11:22-30-04-2016 - kmoriell - RecibirOfertas - ERR - El concesionario 0004 no existe en el archivo maestro.
18:11:22-30-04-2016 - kmoriell - RecibirOfertas - ERR - 0004_concesionario_20140622.csv no es un nombre de archivo valido.
18:11:23-30-04-2016 - kmoriell - RecibirOfertas - ERR - 1262_20160422.csv no es un archivo de texto. No se puede procesar.
18:11:23-30-04-2016 - kmoriell - RecibirOfertas - ERR - El concesionario 2345 no existe en el archivo maestro.
18:11:23-30-04-2016 - kmoriell - RecibirOfertas - ERR - La fecha 20150250 no tiene un nombre valido.
18:11:23-30-04-2016 - kmoriell - RecibirOfertas - ERR - La fecha 25/12/2015 es menor que la fecha del ultimo acto de adjudicacion (14/04/2016).
18:11:23-30-04-2016 - kmoriell - RecibirOfertas - ERR - La fecha 30/12/2015 es menor que la fecha del ultimo acto de adjudicacion (14/04/2016).
18:11:23-30-04-2016 - kmoriell - RecibirOfertas - ERR - La fecha 25/12/2017 es mayor que la fecha del dia actual.(30/04/2016)
18:11:23-30-04-2016 - kmoriell - RecibirOfertas - ERR - La fecha 26/12/2017 es mayor que la fecha del dia actual.(30/04/2016)
18:11:23-30-04-2016 - kmoriell - RecibirOfertas - ERR - La fecha 27/12/2017 es mayor que la fecha del dia actual.(30/04/2016)
18:11:23-30-04-2016 - kmoriell - RecibirOfertas - ERR - La fecha 13/04/2016 es menor que la fecha del ultimo acto de adjudicacion (14/04/2016).
18:11:23-30-04-2016 - kmoriell - RecibirOfertas - ERR - La fecha 17/11/2016 es mayor que la fecha del dia actual.(30/04/2016)
18:11:23-30-04-2016 - kmoriell - RecibirOfertas - ERR - imagen.png no es un nombre de archivo valido.
18:11:23-30-04-2016 - kmoriell - RecibirOfertas - ERR - invalido.csv no es un nombre de archivo valido.
18:11:33-30-04-2016 - kmoriell - RecibirOfertas - INFO - RecibirOfertas ciclo nro. 2
